{
  message: '==== System start =======',
  level: 'info',
  label: 'Flights System REST API App',
  timestamp: '2024-01-08T12:02:56.418Z'
}
{
  message: '==== System stop =======',
  level: 'info',
  label: 'Flights System REST API App',
  timestamp: '2024-01-08T12:02:56.423Z'
}
{
  message: '==== Server started =======',
  level: 'info',
  label: 'Flights System REST API App',
  timestamp: '2024-01-08T12:02:56.423Z'
}
{
  message: '==== System start =======',
  level: 'info',
  label: 'Flights System REST API App',
  timestamp: '2024-01-08T12:14:31.974Z'
}
{
  message: '==== System stop =======',
  level: 'info',
  label: 'Flights System REST API App',
  timestamp: '2024-01-08T12:14:31.978Z'
}
{
  message: '==== Server started =======',
  level: 'info',
  label: 'Flights System REST API App',
  timestamp: '2024-01-08T12:14:31.979Z'
}
{
  message: '==== System start =======',
  level: 'info',
  label: 'Flights System REST API App',
  timestamp: '2024-01-08T15:44:09.546Z'
}
{
  message: '==== System stop =======',
  level: 'info',
  label: 'Flights System REST API App',
  timestamp: '2024-01-08T15:44:09.551Z'
}
{
  message: '==== Server started =======',
  level: 'info',
  label: 'Flights System REST API App',
  timestamp: '2024-01-08T15:44:09.551Z'
}
{
  message: '==== System start =======',
  level: 'info',
  label: 'Flights System REST API App',
  timestamp: '2024-01-08T19:49:04.432Z'
}
{
  message: '==== System stop =======',
  level: 'info',
  label: 'Flights System REST API App',
  timestamp: '2024-01-08T19:49:04.435Z'
}
{
  message: '==== Server started =======',
  level: 'info',
  label: 'Flights System REST API App',
  timestamp: '2024-01-08T19:49:04.436Z'
}
{
  message: '==== System start =======',
  level: 'info',
  label: 'Flights System REST API App',
  timestamp: '2024-01-08T19:57:30.587Z'
}
{
  message: '==== System stop =======',
  level: 'info',
  label: 'Flights System REST API App',
  timestamp: '2024-01-08T19:57:30.591Z'
}
{
  message: '==== Server started =======',
  level: 'info',
  label: 'Flights System REST API App',
  timestamp: '2024-01-08T19:57:30.592Z'
}
{
  message: '==== System start =======',
  level: 'info',
  label: 'Flights System REST API App',
  timestamp: '2024-01-09T07:45:37.447Z'
}
{
  message: '==== System stop =======',
  level: 'info',
  label: 'Flights System REST API App',
  timestamp: '2024-01-09T07:45:37.452Z'
}
{
  message: '==== Server started =======',
  level: 'info',
  label: 'Flights System REST API App',
  timestamp: '2024-01-09T07:45:37.452Z'
}
{
  message: '==== System start =======',
  level: 'info',
  label: 'Flights System REST API App',
  timestamp: '2024-01-09T11:42:59.091Z'
}
{
  message: '==== System stop =======',
  level: 'info',
  label: 'Flights System REST API App',
  timestamp: '2024-01-09T11:42:59.095Z'
}
{
  message: '==== Server started =======',
  level: 'info',
  label: 'Flights System REST API App',
  timestamp: '2024-01-09T11:42:59.095Z'
}
{
  message: '==== System start =======',
  level: 'info',
  label: 'Flights System REST API App',
  timestamp: '2024-01-17T08:27:37.945Z'
}
{
  message: '==== System stop =======',
  level: 'info',
  label: 'Flights System REST API App',
  timestamp: '2024-01-17T08:27:37.951Z'
}
{
  message: '==== Server started =======',
  level: 'info',
  label: 'Flights System REST API App',
  timestamp: '2024-01-17T08:27:37.952Z'
}
